<?xml version="1.0" encoding="UTF-8"?>
<!-- Generated by org.testng.reporters.JUnitXMLReporter -->
<testsuite ignored="0" hostname="Rimas-MacBook-Pro.local" failures="0" tests="2" name="End to Eng Appium Framework Android" time="60.268" errors="0" timestamp="2024-08-05T15:02:45 PDT">
  <testcase classname="testcases.AppTestAndroid" name="fillForm" time="12.848"/>
  <testcase classname="testcases.AppTestAndroid" name="fillForm" time="18.276"/>
</testsuite> <!-- End to Eng Appium Framework Android -->
