<?xml version="1.0" encoding="UTF-8"?>
<!-- Generated by org.testng.reporters.JUnitXMLReporter -->
<testsuite ignored="0" hostname="Rimas-MacBook-Pro.local" failures="0" tests="2" name="End to Eng Appium Framework Android" time="58.289" errors="0" timestamp="2024-08-06T10:07:29 PDT">
  <testcase classname="testcases.AppTestAndroid" name="fillForm" time="15.891"/>
  <testcase classname="testcases.AppTestAndroid" name="fillForm" time="18.486"/>
</testsuite> <!-- End to Eng Appium Framework Android -->
