<?xml version="1.0" encoding="UTF-8"?>
<!-- Generated by org.testng.reporters.JUnitXMLReporter -->
<testsuite ignored="0" hostname="Rimas-MacBook-Pro.local" failures="1" tests="1" name="FormPageTest" time="11.277" errors="0" timestamp="2024-04-22T18:27:10 PDT">
  <testcase classname="testcases.AppTest" name="fillForm" time="0.005">
    <failure type="java.lang.Error" message="Unresolved compilation problem: 
	The method submitOrder() is undefined for the type CartPage
">
      <![CDATA[java.lang.Error: Unresolved compilation problem: 
The method submitOrder() is undefined for the type CartPage

at testcases.AppTest.fillForm(AppTest.java:26)
at java.base/java.util.ArrayList.forEach(ArrayList.java:1511)
... Removed 27 stack frames]]>
    </failure>
  </testcase> <!-- fillForm -->
</testsuite> <!-- FormPageTest -->
