<?xml version="1.0" encoding="UTF-8"?>
<testng-results ignored="0" total="2" passed="2" failed="0" skipped="0">
  <reporter-output>
  </reporter-output>
  <suite started-at="2024-08-03T10:11:42 PDT" name="Default suite" finished-at="2024-08-03T10:12:30 PDT" duration-ms="47152">
    <groups>
    </groups>
    <test started-at="2024-08-03T10:11:42 PDT" name="Default test" finished-at="2024-08-03T10:12:30 PDT" duration-ms="47152">
      <class name="testcases.AppTestAndroid">
        <test-method is-config="true" signature="ConfigurationAppium()[pri:0, instance:testcases.AppTestAndroid@2f7c2f4f]" started-at="2024-08-03T10:11:43 PDT" name="ConfigurationAppium" finished-at="2024-08-03T10:11:49 PDT" duration-ms="5949" status="PASS">
          <reporter-output>
          </reporter-output>
        </test-method> <!-- ConfigurationAppium -->
        <test-method is-config="true" signature="openTheFirstScreen()[pri:0, instance:testcases.AppTestAndroid@2f7c2f4f]" started-at="2024-08-03T10:11:49 PDT" name="openTheFirstScreen" finished-at="2024-08-03T10:11:49 PDT" duration-ms="164" status="PASS">
          <reporter-output>
          </reporter-output>
        </test-method> <!-- openTheFirstScreen -->
        <test-method signature="fillForm(java.util.HashMap)[pri:0, instance:testcases.AppTestAndroid@2f7c2f4f]" started-at="2024-08-03T10:11:49 PDT" name="fillForm" data-provider="getData" finished-at="2024-08-03T10:12:02 PDT" duration-ms="13001" status="PASS">
          <params>
            <param index="0">
              <value>
                <![CDATA[{name=Omi, country=Angola, gender=male}]]>
              </value>
            </param>
          </params>
          <reporter-output>
          </reporter-output>
        </test-method> <!-- fillForm -->
        <test-method is-config="true" signature="tearDown()[pri:0, instance:testcases.AppTestAndroid@2f7c2f4f]" started-at="2024-08-03T10:12:02 PDT" name="tearDown" finished-at="2024-08-03T10:12:06 PDT" duration-ms="4423" status="PASS">
          <reporter-output>
          </reporter-output>
        </test-method> <!-- tearDown -->
        <test-method is-config="true" signature="ConfigurationAppium()[pri:0, instance:testcases.AppTestAndroid@2f7c2f4f]" started-at="2024-08-03T10:12:06 PDT" name="ConfigurationAppium" finished-at="2024-08-03T10:12:11 PDT" duration-ms="4621" status="PASS">
          <reporter-output>
          </reporter-output>
        </test-method> <!-- ConfigurationAppium -->
        <test-method is-config="true" signature="openTheFirstScreen()[pri:0, instance:testcases.AppTestAndroid@2f7c2f4f]" started-at="2024-08-03T10:12:11 PDT" name="openTheFirstScreen" finished-at="2024-08-03T10:12:11 PDT" duration-ms="87" status="PASS">
          <reporter-output>
          </reporter-output>
        </test-method> <!-- openTheFirstScreen -->
        <test-method signature="fillForm(java.util.HashMap)[pri:0, instance:testcases.AppTestAndroid@2f7c2f4f]" started-at="2024-08-03T10:12:11 PDT" name="fillForm" data-provider="getData" finished-at="2024-08-03T10:12:29 PDT" duration-ms="18121" status="PASS">
          <params>
            <param index="0">
              <value>
                <![CDATA[{name=Avni, country=Aruba, gender=female}]]>
              </value>
            </param>
          </params>
          <reporter-output>
          </reporter-output>
        </test-method> <!-- fillForm -->
        <test-method is-config="true" signature="tearDown()[pri:0, instance:testcases.AppTestAndroid@2f7c2f4f]" started-at="2024-08-03T10:12:29 PDT" name="tearDown" finished-at="2024-08-03T10:12:30 PDT" duration-ms="514" status="PASS">
          <reporter-output>
          </reporter-output>
        </test-method> <!-- tearDown -->
      </class> <!-- testcases.AppTestAndroid -->
    </test> <!-- Default test -->
  </suite> <!-- Default suite -->
</testng-results>
