<?xml version="1.0" encoding="UTF-8"?>
<testng-results ignored="1" total="3" passed="2" failed="0" skipped="0">
  <reporter-output>
  </reporter-output>
  <suite started-at="2024-08-06T10:06:30 PDT" name="Suite" finished-at="2024-08-06T10:07:29 PDT" duration-ms="58517">
    <groups>
      <group name="smoke">
        <method signature="AppTestAndroid.fillForm(java.util.HashMap)[pri:0, instance:testcases.AppTestAndroid@7ef82753]" name="fillForm" class="testcases.AppTestAndroid"/>
      </group> <!-- smoke -->
    </groups>
    <test started-at="2024-08-06T10:06:30 PDT" name="End to Eng Appium Framework Android" finished-at="2024-08-06T10:07:28 PDT" duration-ms="58289">
      <class name="testcases.AppTestAndroid">
        <test-method is-config="true" signature="ConfigurationAppium()[pri:0, instance:testcases.AppTestAndroid@7ef82753]" started-at="2024-08-06T10:06:30 PDT" name="ConfigurationAppium" finished-at="2024-08-06T10:06:37 PDT" duration-ms="7048" status="PASS">
          <reporter-output>
          </reporter-output>
        </test-method> <!-- ConfigurationAppium -->
        <test-method is-config="true" signature="openTheFirstScreen()[pri:0, instance:testcases.AppTestAndroid@7ef82753]" started-at="2024-08-06T10:06:37 PDT" name="openTheFirstScreen" finished-at="2024-08-06T10:06:37 PDT" duration-ms="146" status="PASS">
          <reporter-output>
          </reporter-output>
        </test-method> <!-- openTheFirstScreen -->
        <test-method signature="fillForm(java.util.HashMap)[pri:0, instance:testcases.AppTestAndroid@7ef82753]" started-at="2024-08-06T10:06:37 PDT" name="fillForm" data-provider="getData" finished-at="2024-08-06T10:06:53 PDT" duration-ms="15891" status="PASS">
          <params>
            <param index="0">
              <value>
                <![CDATA[{name=Omi, country=Angola, gender=male}]]>
              </value>
            </param>
          </params>
          <reporter-output>
          </reporter-output>
        </test-method> <!-- fillForm -->
        <test-method is-config="true" signature="tearDown()[pri:0, instance:testcases.AppTestAndroid@7ef82753]" started-at="2024-08-06T10:06:53 PDT" name="tearDown" finished-at="2024-08-06T10:06:59 PDT" duration-ms="5194" status="PASS">
          <reporter-output>
          </reporter-output>
        </test-method> <!-- tearDown -->
        <test-method is-config="true" signature="ConfigurationAppium()[pri:0, instance:testcases.AppTestAndroid@7ef82753]" started-at="2024-08-06T10:06:59 PDT" name="ConfigurationAppium" finished-at="2024-08-06T10:07:04 PDT" duration-ms="5324" status="PASS">
          <reporter-output>
          </reporter-output>
        </test-method> <!-- ConfigurationAppium -->
        <test-method is-config="true" signature="openTheFirstScreen()[pri:0, instance:testcases.AppTestAndroid@7ef82753]" started-at="2024-08-06T10:07:04 PDT" name="openTheFirstScreen" finished-at="2024-08-06T10:07:04 PDT" duration-ms="78" status="PASS">
          <reporter-output>
          </reporter-output>
        </test-method> <!-- openTheFirstScreen -->
        <test-method signature="fillForm(java.util.HashMap)[pri:0, instance:testcases.AppTestAndroid@7ef82753]" started-at="2024-08-06T10:07:04 PDT" name="fillForm" data-provider="getData" finished-at="2024-08-06T10:07:22 PDT" duration-ms="18486" status="PASS">
          <params>
            <param index="0">
              <value>
                <![CDATA[{name=Avni, country=Aruba, gender=female}]]>
              </value>
            </param>
          </params>
          <reporter-output>
          </reporter-output>
        </test-method> <!-- fillForm -->
        <test-method is-config="true" signature="tearDown()[pri:0, instance:testcases.AppTestAndroid@7ef82753]" started-at="2024-08-06T10:07:22 PDT" name="tearDown" finished-at="2024-08-06T10:07:28 PDT" duration-ms="5904" status="PASS">
          <reporter-output>
          </reporter-output>
        </test-method> <!-- tearDown -->
      </class> <!-- testcases.AppTestAndroid -->
    </test> <!-- End to Eng Appium Framework Android -->
    <test started-at="2024-08-06T10:07:29 PDT" name="End to Eng Appium Framework iOS" finished-at="2024-08-06T10:07:29 PDT" duration-ms="1">
    </test> <!-- End to Eng Appium Framework iOS -->
  </suite> <!-- Suite -->
</testng-results>
